:info: <b>Tim möchte auf folgende Veranstaltung hinweisen:</b> 

<a href='http://localhost/event/view/08c096bd-8bc4-11e9-a519-480fcf3f68db'>blubb</a>ℹ <b>Neue Veranstaltung von Tim hinzugefügt:</b> 

<a href="http://localhost/event/view/0a6a00b5-8c78-11e9-8e9b-480fcf3f68db">neuername</a> am 27.06.19 


Tim hat bei deiner Veranstaltung <a href='http://localhost/event/view/08c096bd-8bc4-11e9-a519-480fcf3f68db'>blubb</a> seine/ihre Teilnahmeinformationen auf "dabei" geändert.

Tim hat bei deiner Veranstaltung <a href='http://localhost/event/view/08c096bd-8bc4-11e9-a519-480fcf3f68db'>blubb</a> seine/ihre Teilnahmeinformationen auf "spontan" geändert.

ℹ <b>Tim möchte auf folgende Umfrage hinweisen:</b> 

<a href='http://localhost/poll/view/fb2df9d7-8c7b-11e9-8e9b-480fcf3f68db'>rthrth</a>

Deine Umfrage <a href='http://localhost/poll/view/fb2df9d7-8c7b-11e9-8e9b-480fcf3f68db'>rthrth</a> wurde von Tim beantwortet.

Tim hat deine Umfrage <a href='http://localhost/poll/view/fb2df9d7-8c7b-11e9-8e9b-480fcf3f68db'>rthrth</a> kommentiert.

ℹ <b>Neue Umfrage von Tim hinzugefügt:</b> 

<a href='http://localhost/poll/view/eceb1869-8c80-11e9-8e9b-480fcf3f68db'>hezetzhetz</a>

ℹ <b>Neues Fotoalbum von Tim hinzugefügt:</b> 

<a href='http://localhost/photoalbums'>test2</a>


ℹ <b>Neues Fotoalbum von Tim hinzugefügt:</b> 

<a href='http://localhost/photoalbums'>gtrgrt</a>


ℹ <b>Neues Fotoalbum von Tim hinzugefügt:</b> 

<a href='http://localhost/photoalbums'>hzzthtz</a>


ℹ <b>Neues Fotoalbum von Tim hinzugefügt:</b> 

<a href='http://localhost/photoalbums'>dvgfve</a>


ℹ <b>Neues Fotoalbum von Tim hinzugefügt:</b> 

<a href='http://localhost/photoalbums'>jzuzu</a>


ℹ <b>Neues Fotoalbum von Tim hinzugefügt:</b> 

<a href='http://localhost/photoalbums'>u67u6</a>


ℹ <b>Neues Fotoalbum von Tim hinzugefügt:</b> 

<a href='http://localhost/photoalbums'>htz</a>


ℹ <b>Neues Fotoalbum von Tim hinzugefügt:</b> 

<a href='http://localhost/photoalbums'>ktj</a>


ℹ <b>Neues Fotoalbum von Tim hinzugefügt:</b> 

<a href='http://localhost/photoalbums'>ngh</a>


ℹ <b>Neues Fotoalbum von Tim hinzugefügt:</b> 

<a href='http://localhost/photoalbums'>htzhrthrt</a>


ℹ <b>Neues Fotoalbum von Tim hinzugefügt:</b> 

<a href='http://localhost/photoalbums'>urjuzj</a>


ℹ <b>Neue Info von Tim hinzugefügt:</b> 

<a href='http://localhost/info#17'>grtgrt</a> 


ℹ <b>Neue Info von Tim hinzugefügt:</b> 

<a href='http://localhost/info#18'>grtrt</a> 


ℹ <b>Neue Info von Tim hinzugefügt:</b> 

<a href='http://localhost/info#21'>jguz</a> 


ℹ <b>Neue Info von Tim hinzugefügt:</b> 

<a href='http://localhost/info#22'>gtrgtr</a> 


ℹ <b>Neues Fotoalbum von Tim hinzugefügt:</b> 

<a href='http://localhost/photoalbums'>jrtujrtj</a>


ℹ <b>Neues Fotoalbum von Tim hinzugefügt:</b> 

<a href='http://localhost/photoalbums'>feerfer</a>


ℹ <b>Neue Info von Tim hinzugefügt:</b> 

<a href='http://localhost/info#26'>hzheth</a> 


ℹ <b>Neue Info von Tim hinzugefügt:</b> 

<a href='http://localhost/info#27'>grtrt</a> 


ℹ <b>Neue Veranstaltung von Tim hinzugefügt:</b> 

<a href="http://localhost/event/view/488e1931-9aad-11e9-901c-480fcf3f68db">htzhtz</a> am 27.06.19 


ℹ <b>Neue Info von Tim hinzugefügt:</b> 

<a href='http://localhost/info#28'>htzhtz</a> 


ℹ <b>Neue Info von Tim hinzugefügt:</b> 

<a href='http://localhost/info#29'>ktiukli</a> 


ℹ <b>Tim möchte auf folgende Info hinweisen:</b> 

<b>Gruppenkasse</b>

<p>Aktueller Stand: 96,29 €<br>(15.04.2019)<br><br>Der Link zur Übersicht der Quartalsbeiträge:<br><a href="https://docs.google.com/spreadsheets/d/14czDKg5H4ja8ZDkUPURQ4MbtgxqE8Uv1LSR0AC_zq0E/edit?usp=sharing">https://docs.google.com/spreadsheets/d/14czDKg5H4ja8ZDkUPURQ4MbtgxqE8Uv1LSR0AC_zq0E/edit?usp=sharing</a></p><p><br></p><p><br><br>IBAN: DE98 5001 0517 5418 1019 20<br>Jan verwaltet das Konto.</p>

<a href='http://localhost/info'>Infos anzeigen</a>

ℹ <b>Tim möchte auf folgende Info hinweisen:</b> 

<b>Telegram Bot Beschreibung</b>

<p>Der Telegram Bot zu diesem Portal informiert euch automatisch:<br><br>- Täglich 7 Uhr:  Heutige Geburtstage (wenn vorhanden)<br>- Täglich 15 Uhr: Geburtstage heute in 2 Wochen (wenn vorhanden)<br>- Sonntags 14 Uhr: Die nächste Veranstaltungen<br>- Bei Bedarf: Neue Info erstellt<br>- Bei Bedarf: Neue Veranstaltung erstellt<br>- Bei Bedarf: Neue Umfrage erstellt<br><br>Außerdem könnt ihr ihm auch Befehle schicken:<br><br> - /hilfe - Liste der Befehle<br> - /veranstaltungen - Zeigt die nächsten Vearanstaltungen<br>- /gruppenveranstaltungen - Zeigt die nächsten Veranstaltungen der Gruppe<br> - /geburtstage - Geburtstagsliste<br> - /portal - Link zum Gruppenportal<br>- /fotos _Titel des Albums_ - Fotos hochladen</p>

<a href='http://localhost/info'>Infos anzeigen</a>

ℹ <b>Tim möchte auf folgende Info hinweisen:</b> 

<b>Gruppenkasse</b>

<p>Aktueller Stand: 96,29 €<br>(15.04.2019)<br><br>Der Link zur Übersicht der Quartalsbeiträge:<br><a href="https://docs.google.com/spreadsheets/d/14czDKg5H4ja8ZDkUPURQ4MbtgxqE8Uv1LSR0AC_zq0E/edit?usp=sharing">https://docs.google.com/spreadsheets/d/14czDKg5H4ja8ZDkUPURQ4MbtgxqE8Uv1LSR0AC_zq0E/edit?usp=sharing</a></p><p><br></p><p><br><br>IBAN: DE98 5001 0517 5418 1019 20<br>Jan verwaltet das Konto.</p>

<a href='http://localhost/info'>Infos anzeigen</a>

ℹ <b>Neue Info von Tim hinzugefügt:</b> 

<a href='http://localhost/info#30'>grtgrt</a> 


ℹ <b>Tim möchte auf folgende Info hinweisen:</b> 

<b>grtgrt</b>

grtgrtrt

<a href='http://localhost/info'>Infos anzeigen</a>

ℹ <b>Tim möchte auf folgende Info hinweisen:</b> 

<b>Punkte für das Portal</b>

<p>Erledigt:</p><p>- Geschwindigkeit verbessern&nbsp;</p><p>- Ansicht der Umfrageergebnisse verbessern&nbsp;</p><p>- Telegram-Bot: Mehrfach-Befehle verhindern</p><p>- Eingabemaske der Umfrageantworten verbessern</p><p>- Eigene Kommentare bearbeiten/löschen&nbsp;</p><p>- Anzeigen welche Umfragen man schon beantwortet hat</p><p>- Infos festpinnen können, damit "dauerhafte" Infos wie der Punkt "Gruppenkasse" immer oben steht und nicht nach ganz unten rutscht</p><p>- Sortierung der Umfragen überarbeiten (neueste zuerst, geschlossene zuletzt)</p><p>- Rubrik für Party-/Gruppenfotos</p><p>- Button für manuelles Anstoßen einer Bot-Nachricht für die Telegram Gruppe, z.B. bei Änderungen von Umfragen, Infos oder Veranstaltungen</p><p>- Neue Info in der Übersicht kann nicht angeklickt werden</p><p>- Anwesenheitsliste für Veranstaltungen (Je Name Ja/Nein anhaken) -&gt; evtl. per Bot abfragbar mit Gesamtanzahl</p><p>- private Telegram Nachricht vom Bot wenn ein neuer Kommentar bei einer erstellten Veranstaltung, Info oder Umfrage eingestellt wurde.</p><p>- Foto/Bild zu Umfragen und Veranstaltungen hinterlegen (Im Titel, evtl. auch in der Übersicht)</p><p>- Excel Listen in Infos darstellen können&nbsp;</p><p><br></p><p>Offen:</p><p>- Änderungsprotokoll um nachvollziehen zu können wenn jemand bestehendes verändert oder gelöscht hat</p><p>-Videos hochladen und abspielen</p><p>- Rezeptbuch mit Bewertungsmöglichkeiten (1 Stern - 10 Sterne)</p><p>- bei Veranstaltungen max Personenzahl festlegen können&nbsp;</p><p>- Veranstaltungen am Tag der Veranstaltung noch offen einsehbar lassen (Jan) </p><p>- bei Veranstaltungen in der Übersicht eine Markierung anzeigen lassen, wenn man sich noch nicht ein-/ausgetragen hat (Steven)<br></p><p>- Mindest-Anzahl zu Antworten in Umfragen hinterlegen</p><p>- In der Übersicht der Umfragen anzeigen wieviele für eine Umfrage schon abgestimmt haben (Jan)</p><p>- Erinnerung vom Bot wenn man sich zu einer Veranstaltung angemeldet hat&nbsp;</p><p><br></p><div><br></div>

<a href='http://localhost/info'>Infos anzeigen</a>

ℹ <b>Tim möchte auf folgende Info hinweisen:</b> 

<b>Telegram Bot Beschreibung</b>

<p>Der Telegram Bot zu diesem Portal informiert euch automatisch:<br><br>- Täglich 7 Uhr:  Heutige Geburtstage (wenn vorhanden)<br>- Täglich 15 Uhr: Geburtstage heute in 2 Wochen (wenn vorhanden)<br>- Sonntags 14 Uhr: Die nächste Veranstaltungen<br>- Bei Bedarf: Neue Info erstellt<br>- Bei Bedarf: Neue Veranstaltung erstellt<br>- Bei Bedarf: Neue Umfrage erstellt<br><br>Außerdem könnt ihr ihm auch Befehle schicken:<br><br> - /hilfe - Liste der Befehle<br> - /veranstaltungen - Zeigt die nächsten Vearanstaltungen<br>- /gruppenveranstaltungen - Zeigt die nächsten Veranstaltungen der Gruppe<br> - /geburtstage - Geburtstagsliste<br> - /portal - Link zum Gruppenportal<br>- /fotos _Titel des Albums_ - Fotos hochladen</p>

<a href='http://localhost/info'>Infos anzeigen</a>

ℹ <b>Tim möchte auf folgende Info hinweisen:</b> 

<b>Gruppenkasse</b>

<p>Aktueller Stand: 96,29 €<br>(15.04.2019)<br><br>Der Link zur Übersicht der Quartalsbeiträge:<br><a href="https://docs.google.com/spreadsheets/d/14czDKg5H4ja8ZDkUPURQ4MbtgxqE8Uv1LSR0AC_zq0E/edit?usp=sharing">https://docs.google.com/spreadsheets/d/14czDKg5H4ja8ZDkUPURQ4MbtgxqE8Uv1LSR0AC_zq0E/edit?usp=sharing</a></p><p><br></p><p><br><br>IBAN: DE98 5001 0517 5418 1019 20<br>Jan verwaltet das Konto.</p>

<a href='http://localhost/info'>Infos anzeigen</a>

ℹ <b>Neue Info von Tim hinzugefügt:</b> 

<a href='http://localhost/info#31'>test</a> 


Folgende Befehle kenne ich:

/hilfe
Zeigt diese Liste an

/veranstaltungen
Zeigt die nächsten Veranstaltungen

/gruppenveranstaltungen
Zeigt die nächsten Veranstaltungen der Gruppe

/geburtstage
Geburtstagsliste

/portal
Link zum Gruppenportal

/fotos -Name des Albums-
Fotos hochladen



